c:\users\affpa\onedrive\desktop\miproyecto\miproyecto\x64\debug\vc143.pdb
c:\users\affpa\onedrive\desktop\miproyecto\miproyecto\x64\debug\vc143.idb
c:\users\affpa\onedrive\desktop\miproyecto\miproyecto\x64\debug\utils.obj
c:\users\affpa\onedrive\desktop\miproyecto\miproyecto\x64\debug\seleccionnivelscreen.obj
c:\users\affpa\onedrive\desktop\miproyecto\miproyecto\x64\debug\parejapalabraimagen.obj
c:\users\affpa\onedrive\desktop\miproyecto\miproyecto\x64\debug\pantallajuego.obj
c:\users\affpa\onedrive\desktop\miproyecto\miproyecto\x64\debug\opcionesscreen.obj
c:\users\affpa\onedrive\desktop\miproyecto\miproyecto\x64\debug\menuscreen.obj
c:\users\affpa\onedrive\desktop\miproyecto\miproyecto\x64\debug\main.obj
c:\users\affpa\onedrive\desktop\miproyecto\miproyecto\x64\debug\juegoterminadoscreen.obj
c:\users\affpa\onedrive\desktop\miproyecto\miproyecto\x64\debug\juegoscreen.obj
c:\users\affpa\onedrive\desktop\miproyecto\miproyecto\x64\debug\game.obj
c:\users\affpa\onedrive\desktop\miproyecto\miproyecto\x64\debug\felicidadesscreen.obj
c:\users\affpa\onedrive\desktop\miproyecto\miproyecto\x64\debug\confirmarsalidascreen.obj
c:\users\affpa\onedrive\desktop\miproyecto\miproyecto\x64\debug\button.obj
c:\users\affpa\onedrive\desktop\miproyecto\x64\debug\miproyecto.exe
c:\users\affpa\onedrive\desktop\miproyecto\x64\debug\miproyecto.pdb
c:\users\affpa\onedrive\desktop\miproyecto\x64\debug\raylib.dll
c:\users\affpa\onedrive\desktop\miproyecto\x64\debug\glfw3.dll
c:\users\affpa\onedrive\desktop\miproyecto\miproyecto\x64\debug\miproyecto.res
c:\users\affpa\onedrive\desktop\miproyecto\miproyecto\x64\debug\miproyecto.ilk
c:\users\affpa\onedrive\desktop\miproyecto\miproyecto\x64\debug\miproyecto.tlog\cl.command.1.tlog
c:\users\affpa\onedrive\desktop\miproyecto\miproyecto\x64\debug\miproyecto.tlog\cl.items.tlog
c:\users\affpa\onedrive\desktop\miproyecto\miproyecto\x64\debug\miproyecto.tlog\cl.read.1.tlog
c:\users\affpa\onedrive\desktop\miproyecto\miproyecto\x64\debug\miproyecto.tlog\cl.write.1.tlog
c:\users\affpa\onedrive\desktop\miproyecto\miproyecto\x64\debug\miproyecto.tlog\link.command.1.tlog
c:\users\affpa\onedrive\desktop\miproyecto\miproyecto\x64\debug\miproyecto.tlog\link.read.1.tlog
c:\users\affpa\onedrive\desktop\miproyecto\miproyecto\x64\debug\miproyecto.tlog\link.secondary.1.tlog
c:\users\affpa\onedrive\desktop\miproyecto\miproyecto\x64\debug\miproyecto.tlog\link.write.1.tlog
c:\users\affpa\onedrive\desktop\miproyecto\miproyecto\x64\debug\miproyecto.tlog\miproyecto.write.1u.tlog
c:\users\affpa\onedrive\desktop\miproyecto\miproyecto\x64\debug\miproyecto.tlog\rc.command.1.tlog
c:\users\affpa\onedrive\desktop\miproyecto\miproyecto\x64\debug\miproyecto.tlog\rc.read.1.tlog
c:\users\affpa\onedrive\desktop\miproyecto\miproyecto\x64\debug\miproyecto.tlog\rc.write.1.tlog
